----------------------------------------------------------------------------------------------------------------------------------------------------------------------------
      name:  <unnamed>
       log:  H:\Other\Paper Codes for Uploading\BPEA\PCA_Materials\Table_Figures\PCA_timeseries.log
  log type:  text
 opened on:   3 Mar 2020, 17:26:30

.         
.         *** CHANGE THIS DIRECTORY
. 
.         **********************************
.         ***
.         *** QUARTERLY SERIES
.         ***
.         **********************************      
.         
.         clear

.         *use quarterly_series.dta       
.         use Input\quarterly_series.dta  

.         
.         /*
>         quietly: tsbiweight_cea eu_cea_long = eu, window(90)
>         quietly: tsbiweight_cea ue_cea_long = ue, window(90) 
>         quietly: tsbiweight_cea en_cea_long = en, window(90) 
>         quietly: tsbiweight_cea ne_cea_long = ne, window(90)
>         */
.         
.         **** PCA 
.                 
.         * Table 3 of the paper (column 1)       
.         pca eu_cea_long ue_cea_long en_cea_long ne_cea_long

Principal components/correlation                 Number of obs    =        195
                                                 Number of comp.  =          4
                                                 Trace            =          4
    Rotation: (unrotated = principal)            Rho              =     1.0000

    --------------------------------------------------------------------------
       Component |   Eigenvalue   Difference         Proportion   Cumulative
    -------------+------------------------------------------------------------
           Comp1 |      2.08479      .752277             0.5212       0.5212
           Comp2 |      1.33252      .756875             0.3331       0.8543
           Comp3 |      .575642      .568598             0.1439       0.9982
           Comp4 |    .00704475            .             0.0018       1.0000
    --------------------------------------------------------------------------

Principal components (eigenvectors) 

    --------------------------------------------------------------------
        Variable |    Comp1     Comp2     Comp3     Comp4 | Unexplained 
    -------------+----------------------------------------+-------------
     eu_cea_long |   0.4906   -0.3843    0.7228    0.2985 |           0 
     ue_cea_long |   0.6243    0.3699    0.0561   -0.6858 |           0 
     en_cea_long |   0.6073   -0.0327   -0.6294    0.4837 |           0 
     ne_cea_long |  -0.0267    0.8453    0.2797    0.4545 |           0 
    --------------------------------------------------------------------

.         predict f1
(score assumed)
(3 components skipped)

Scoring coefficients 
    sum of squares(column-loading) = 1

    ------------------------------------------------------
        Variable |    Comp1     Comp2     Comp3     Comp4 
    -------------+----------------------------------------
     eu_cea_long |   0.4906   -0.3843    0.7228    0.2985 
     ue_cea_long |   0.6243    0.3699    0.0561   -0.6858 
     en_cea_long |   0.6073   -0.0327   -0.6294    0.4837 
     ne_cea_long |  -0.0267    0.8453    0.2797    0.4545 
    ------------------------------------------------------

.         rename f1 f1_pcasecond_cea_long

.         
.         * Table A5 of the paper (column 1)
.         pca en_q2 ne_q2 eu_q2 ue_q2

Principal components/correlation                 Number of obs    =        195
                                                 Number of comp.  =          2
                                                 Trace            =          4
    Rotation: (unrotated = principal)            Rho              =     1.0000

    --------------------------------------------------------------------------
       Component |   Eigenvalue   Difference         Proportion   Cumulative
    -------------+------------------------------------------------------------
           Comp1 |      2.58315       1.1663             0.6458       0.6458
           Comp2 |      1.41685      1.41685             0.3542       1.0000
           Comp3 |            0            0             0.0000       1.0000
           Comp4 |            0            .             0.0000       1.0000
    --------------------------------------------------------------------------

Principal components (eigenvectors) 

    ------------------------------------------------
        Variable |    Comp1     Comp2 | Unexplained 
    -------------+--------------------+-------------
           en_q2 |   0.1554    0.8135 |           0 
           ne_q2 |   0.5795   -0.3060 |           0 
           eu_q2 |   0.5843   -0.2886 |           0 
           ue_q2 |   0.5465    0.4017 |           0 
    ------------------------------------------------

.         
.         * Table A4 of the paper (column 1)      
.         pca en_trend_cf1 ne_trend_cf1 eu_trend_cf1 ue_trend_cf1

Principal components/correlation                 Number of obs    =        195
                                                 Number of comp.  =          4
                                                 Trace            =          4
    Rotation: (unrotated = principal)            Rho              =     1.0000

    --------------------------------------------------------------------------
       Component |   Eigenvalue   Difference         Proportion   Cumulative
    -------------+------------------------------------------------------------
           Comp1 |      2.24946      .748248             0.5624       0.5624
           Comp2 |      1.50122      1.25194             0.3753       0.9377
           Comp3 |      .249275       .24923             0.0623       1.0000
           Comp4 |  .0000450176            .             0.0000       1.0000
    --------------------------------------------------------------------------

Principal components (eigenvectors) 

    --------------------------------------------------------------------
        Variable |    Comp1     Comp2     Comp3     Comp4 | Unexplained 
    -------------+----------------------------------------+-------------
    en_trend_cf1 |   0.5927   -0.3650    0.1969   -0.6904 |           0 
    ne_trend_cf1 |   0.4563    0.5182   -0.7181   -0.0871 |           0 
    eu_trend_cf1 |   0.3162    0.6651    0.6675    0.1103 |           0 
    ue_trend_cf1 |   0.5835   -0.3949   -0.0002    0.7096 |           0 
    --------------------------------------------------------------------

.                 
.         collapse (mean) f1_pcasecond_cea_long, by(year)

.         
.         rename f1_pcasecond_cea_long q_f1_pcasecond_cea_long

.         
.         *save first_components_quarterly.dta, replace
.         save Output\first_components_quarterly.dta, replace
file Output\first_components_quarterly.dta saved

.         
.         ********************************************************
.         ***
.         *** FIGURE 1 of the paper
.         ***
.         ********************************************************
.         
. 
.         clear

.         
.         set more off

.         *use quarterly_series.dta
.         use Input\quarterly_series.dta

.         
.         graph set window fontface       "Times New Roman"

.         graph set window fontfacesans   "Times New Roman"

.         graph set window fontfaceserif  "Times New Roman"

.         graph set window fontfacemono   "Times New Roman"

.         graph set window fontfacesymbol "Times New Roman"       

. 
.         ** EU
.         
.         label var eu_cea_long  "Biweight"

.         
.         twoway (line eu_cea_long time_chart, lwidth(medthick) lpattern(dash) lcolor(blue) legend(off) xtitle("") ytitle("") title("EU", size(medlarge) color(black)) legen
> d(off) ///
>                     plotregion(color(white)) plotregion(ilcolor(white)) graphregion(color(white)) bgcolor(white)) ///
>                    (line eu time_chart, lwidth(medthick) lcolor(blue))

.         
.         graph save   Output\Figures_GPH\Figure_1\Figure1_EU.gph, replace        
(file Output\Figures_GPH\Figure_1\Figure1_EU.gph saved)

.         graph export Output\Figures_PDF\Figure_1\Figure1_EU.pdf, replace        
(file Output\Figures_PDF\Figure_1\Figure1_EU.pdf written in PDF format)

.                 
.         ** UE
.         
.         label var ue_cea_long  "Biweight"

.         
.         twoway (line ue_cea_long time_chart, lwidth(medthick) lpattern(dash) lcolor(red) legend(off) xtitle("") ytitle("") title("UE", size(medlarge) color(black)) legend
> (off) ///
>                     plotregion(color(white)) plotregion(ilcolor(white)) graphregion(color(white)) bgcolor(white)) ///
>                (line ue time_chart, lwidth(medthick) lcolor(red))

. 
. 
.         graph save   Output\Figures_GPH\Figure_1\Figure1_UE.gph, replace        
(file Output\Figures_GPH\Figure_1\Figure1_UE.gph saved)

.         graph export Output\Figures_PDF\Figure_1\Figure1_UE.pdf, replace        
(file Output\Figures_PDF\Figure_1\Figure1_UE.pdf written in PDF format)

.                 
.         ** EN
.         
.         label var en_cea_long  "Biweight"

.         
.         twoway (line en_cea_long time_chart, lwidth(medthick) lpattern(dash) lcolor(gold) legend(off) xtitle("") ytitle("") title("EN", size(medlarge) color(black)) legen
> d(off) ///
>                     plotregion(color(white)) plotregion(ilcolor(white)) graphregion(color(white)) bgcolor(white)) ///
>                    (line en time_chart, lwidth(medthick) lcolor(gold))

. 
.         graph save   Output\Figures_GPH\Figure_1\Figure1_EN.gph, replace        
(file Output\Figures_GPH\Figure_1\Figure1_EN.gph saved)

.         graph export Output\Figures_PDF\Figure_1\Figure1_EN.pdf, replace                
(file Output\Figures_PDF\Figure_1\Figure1_EN.pdf written in PDF format)

.         
.         ** NE
.         
.         label var ne_cea_long  "Biweight"

.         
.         twoway (line ne_cea_long time_chart, lwidth(medthick) lpattern(dash) lcolor(green) legend(off) xtitle("") ytitle("") title("NE", size(medlarge) color(black)) lege
> nd(off) ///
>                     plotregion(color(white)) plotregion(ilcolor(white)) graphregion(color(white)) bgcolor(white)) ///
>                    (line ne time_chart, lwidth(medthick) lcolor(green))

.                    
.         graph save   Output\Figures_GPH\Figure_1\Figure1_NE.gph, replace        
(file Output\Figures_GPH\Figure_1\Figure1_NE.gph saved)

.         graph export Output\Figures_PDF\Figure_1\Figure1_NE.pdf, replace        
(file Output\Figures_PDF\Figure_1\Figure1_NE.pdf written in PDF format)

.         
.         **********************************
.         ***
.         *** ANNUAL SERIES
.         ***
.         **********************************      
.         
.         clear

.         set more off

.         
.         *use annual_series.dta
.         use Input\annual_series.dta

.         
.         /*
>         *CF trend
>         quietly: tsfilter cf eu_cf = eu,  trend(eu_trend_cf)  minperiod(2) maxperiod(30)        
>         quietly: tsfilter cf ue_cf = ue,  trend(ue_trend_cf)  minperiod(2) maxperiod(30)        
>         quietly: tsfilter cf en_cf = en,  trend(en_trend_cf)  minperiod(2) maxperiod(30)
>         quietly: tsfilter cf ne_cf = ne,  trend(ne_trend_cf)  minperiod(2) maxperiod(30)
>         quietly: tsfilter cf empchangeipums_cf = empchangeipums,  trend(empchangeipums_trend_cf)  minperiod(2) maxperiod(30)
>         quietly: tsfilter cf smigirs_cf = smigirs,  trend(smigirs_trend_cf)  minperiod(2) maxperiod(30)
>         quietly: tsfilter cf jdr_cf = jdr,  trend(jdr_trend_cf)  minperiod(2) maxperiod(30)
>         quietly: tsfilter cf jcr_cf = jcr,  trend(jcr_trend_cf)  minperiod(2) maxperiod(30)
>                 
>         *Biweight filter
>         quietly:  tsbiweight_cea eu_cea = eu, window(30)
>         replace eu_cea = . if eu == .   
>         quietly:  tsbiweight_cea ue_cea = ue, window(30)
>         replace ue_cea = . if ue == .
>         quietly:  tsbiweight_cea en_cea = en, window(30)
>         replace en_cea = . if en == .
>         quietly:  tsbiweight_cea ne_cea = ne, window(30)
>         replace ne_cea = . if ne == .
>         quietly:  tsbiweight_cea empchangeipums_cea = empchangeipums, window(30)
>         replace empchangeipums_cea = . if empchangeipums == .
>         quietly:  tsbiweight_cea smigirs_cea = smigirs, window(30)
>         replace smigirs_cea = . if smigirs == .
>         quietly:  tsbiweight_cea jdr_cea = jdr, window(30)
>         replace jdr_cea = . if jdr == .
>         quietly:  tsbiweight_cea jcr_cea = jcr, window(30)
>         replace jcr_cea = . if jcr == . */
.         
.         *** Tables
.         
.         * Table 1 of the paper
.         sum eu_cea ue_cea en_cea ne_cea empchangeipums_cea smigirs_cea jdr_cea jcr_cea if year >=1975

    Variable |        Obs        Mean    Std. Dev.       Min        Max
-------------+---------------------------------------------------------
      eu_cea |         40    .0147913    .0004505   .0140411   .0153079
      ue_cea |         40    .2598568    .0089718   .2417353   .2716504
      en_cea |         40    .0289668    .0016352   .0272258    .032248
      ne_cea |         40    .0469872    .0001317   .0466442   .0471074
empchangei~a |         40    .1397902    .0107416   .1199167   .1539022
-------------+---------------------------------------------------------
 smigirs_cea |         40    .0259857    .0014127   .0238069    .028308
     jdr_cea |         37    .1498929    .0043617   .1420794   .1561976
     jcr_cea |         37    .1690696     .008676   .1545275   .1826858

. 
.         * Table 2 of the paper  
.         pwcorr eu_cea ue_cea en_cea ne_cea empchangeipums_cea smigirs_cea jdr_cea jcr_cea, sig

             |   eu_cea   ue_cea   en_cea   ne_cea empcha~a smigir~a  jdr_cea
-------------+---------------------------------------------------------------
      eu_cea |   1.0000 
             |
             |
      ue_cea |   0.9594   1.0000 
             |   0.0000
             |
      en_cea |   0.8217   0.9258   1.0000 
             |   0.0000   0.0000
             |
      ne_cea |  -0.0748  -0.1580  -0.4873   1.0000 
             |   0.6173   0.2889   0.0005
             |
empchangei~a |   0.9949   0.9989   0.9319   0.0494   1.0000 
             |   0.0000   0.0000   0.0000   0.7622
             |
 smigirs_cea |   0.9775   0.9850   0.9743  -0.0933   0.9895   1.0000 
             |   0.0000   0.0000   0.0000   0.5667   0.0000
             |
     jdr_cea |   0.9943   0.9987   0.9452   0.0357   0.9998   0.9937   1.0000 
             |   0.0000   0.0000   0.0000   0.8339   0.0000   0.0000
             |
     jcr_cea |   0.9881   0.9947   0.9639  -0.0265   0.9968   0.9988   0.9980 
             |   0.0000   0.0000   0.0000   0.8765   0.0000   0.0000   0.0000
             |

             |  jcr_cea
-------------+---------
     jcr_cea |   1.0000 
             |
             |

.         
.         * Table A2 of the paper
.         pwcorr eu_trend_cf ue_trend_cf en_trend_cf ne_trend_cf empchangeipums_trend_cf smigirs_trend_cf jdr_trend_cf jcr_trend_cf, sig

             | eu_tre~f ue_tre~f en_tre~f ne_tre~f emp~d_cf smi~d_cf jdr_tr~f
-------------+---------------------------------------------------------------
 eu_trend_cf |   1.0000 
             |
             |
 ue_trend_cf |   0.0225   1.0000 
             |   0.8808
             |
 en_trend_cf |  -0.1887   0.8726   1.0000 
             |   0.2039   0.0000
             |
 ne_trend_cf |   0.2323   0.4034  -0.0839   1.0000 
             |   0.1162   0.0049   0.5749
             |
empchan~d_cf |   0.9670   0.8984   0.5063   0.4320   1.0000 
             |   0.0000   0.0000   0.0009   0.0054
             |
smigirs_tr~f |   0.8431   0.8855   0.8075   0.0806   0.9132   1.0000 
             |   0.0000   0.0000   0.0000   0.6209   0.0000
             |
jdr_trend_cf |   0.9639   0.9369   0.4309   0.4976   0.9902   0.8714   1.0000 
             |   0.0000   0.0000   0.0078   0.0017   0.0000   0.0000
             |
jcr_trend_cf |   0.8774   0.8969   0.8213   0.0451   0.9171   0.9971   0.8665 
             |   0.0000   0.0000   0.0000   0.7911   0.0000   0.0000   0.0000
             |

             | jcr_tr~f
-------------+---------
jcr_trend_cf |   1.0000 
             |
             |

. 
.         * Table A3 of the paper 
.         pwcorr eu_a_q2 ue_a_q2 en_a_q2 ne_a_q2 empchangeipums_a_q2 smigirs_a_q2 jdr_a_q2 jcr_a_q2, sig

             |  eu_a_q2  ue_a_q2  en_a_q2  ne_a_q2 empcha~2 smigir~2 jdr_a_q2
-------------+---------------------------------------------------------------
     eu_a_q2 |   1.0000 
             |
             |
     ue_a_q2 |   0.8234   1.0000 
             |   0.0000
             |
     en_a_q2 |   0.0483   0.6066   1.0000 
             |   0.7471   0.0000
             |
     ne_a_q2 |   0.9888   0.7295  -0.1013   1.0000 
             |   0.0000   0.0000   0.4981
             |
empchangei~2 |   0.9858   0.9647   0.3402   0.9665   1.0000 
             |   0.0000   0.0000   0.0317   0.0000
             |
smigirs_a_q2 |   0.7558   0.9508   0.7914   0.6875   0.8370   1.0000 
             |   0.0000   0.0000   0.0000   0.0000   0.0000
             |
    jdr_a_q2 |   0.9620   0.9963   0.4884   0.9351   0.9843   0.9263   1.0000 
             |   0.0000   0.0000   0.0022   0.0000   0.0000   0.0000
             |
    jcr_a_q2 |   0.9106   0.9972   0.6151   0.8716   0.9449   0.9736   0.9878 
             |   0.0000   0.0000   0.0001   0.0000   0.0000   0.0000   0.0000
             |

             | jcr_a_q2
-------------+---------
    jcr_a_q2 |   1.0000 
             |
             |

.         
. 
.         *** Principal Component Analysis                
.         
.         ** PCA on TRENDS 5 variables    
.         ** Table 3 column2
.         pca eu_cea ue_cea en_cea ne_cea empchangeipums_cea 

Principal components/correlation                 Number of obs    =         40
                                                 Number of comp.  =          5
                                                 Trace            =          5
    Rotation: (unrotated = principal)            Rho              =     1.0000

    --------------------------------------------------------------------------
       Component |   Eigenvalue   Difference         Proportion   Cumulative
    -------------+------------------------------------------------------------
           Comp1 |      3.87632      2.76779             0.7753       0.7753
           Comp2 |      1.10853      1.09384             0.2217       0.9970
           Comp3 |      .014685     .0142302             0.0029       0.9999
           Comp4 |   .000454767   .000438647             0.0001       1.0000
           Comp5 |  .0000161196            .             0.0000       1.0000
    --------------------------------------------------------------------------

Principal components (eigenvectors) 

    ------------------------------------------------------------------------------
        Variable |    Comp1     Comp2     Comp3     Comp4     Comp5 | Unexplained 
    -------------+--------------------------------------------------+-------------
          eu_cea |   0.5023    0.1096   -0.7709    0.3627   -0.0992 |           0 
          ue_cea |   0.5047    0.1014    0.2775   -0.3410   -0.7360 |           0 
          en_cea |   0.4862   -0.2672    0.5328    0.6000    0.2195 |           0 
          ne_cea |  -0.0148    0.9491    0.2108    0.2099    0.1028 |           0 
    empchangei~a |   0.5063    0.0746   -0.0174   -0.5900    0.6243 |           0 
    ------------------------------------------------------------------------------

.         predict f1
(score assumed)
(4 components skipped)

Scoring coefficients 
    sum of squares(column-loading) = 1

    ----------------------------------------------------------------
        Variable |    Comp1     Comp2     Comp3     Comp4     Comp5 
    -------------+--------------------------------------------------
          eu_cea |   0.5023    0.1096   -0.7709    0.3627   -0.0992 
          ue_cea |   0.5047    0.1014    0.2775   -0.3410   -0.7360 
          en_cea |   0.4862   -0.2672    0.5328    0.6000    0.2195 
          ne_cea |  -0.0148    0.9491    0.2108    0.2099    0.1028 
    empchangei~a |   0.5063    0.0746   -0.0174   -0.5900    0.6243 
    ----------------------------------------------------------------

.         rename f1 f1_pcasecond_6var

.         
.         ** PCA on TRENDS 8 variables
.         ** Table 3 column3      
.         pca eu_cea ue_cea en_cea ne_cea empchangeipums_cea smigirs_cea jdr_cea jcr_cea

Principal components/correlation                 Number of obs    =         37
                                                 Number of comp.  =          6
                                                 Trace            =          8
    Rotation: (unrotated = principal)            Rho              =     1.0000

    --------------------------------------------------------------------------
       Component |   Eigenvalue   Difference         Proportion   Cumulative
    -------------+------------------------------------------------------------
           Comp1 |      6.88469      5.78158             0.8606       0.8606
           Comp2 |      1.10311      1.09228             0.1379       0.9985
           Comp3 |     .0108284    .00952812             0.0014       0.9998
           Comp4 |    .00130032    .00124259             0.0002       1.0000
           Comp5 |  .0000577255  .0000424777             0.0000       1.0000
           Comp6 |  .0000152479  .0000146903             0.0000       1.0000
           Comp7 |  5.57526e-07  3.99158e-07             0.0000       1.0000
           Comp8 |  1.58368e-07            .             0.0000       1.0000
    --------------------------------------------------------------------------

Principal components (eigenvectors) 

    ----------------------------------------------------------------------------------------
        Variable |    Comp1     Comp2     Comp3     Comp4     Comp5     Comp6 | Unexplained 
    -------------+------------------------------------------------------------+-------------
          eu_cea |   0.3773    0.1082   -0.8073    0.4033    0.0623   -0.0919 |           0 
          ue_cea |   0.3793    0.0902    0.2558    0.0914   -0.6363   -0.1767 |           0 
          en_cea |   0.3668   -0.2531    0.4787    0.6421    0.2319   -0.1068 |           0 
          ne_cea |  -0.0081    0.9517    0.2015    0.1437    0.1691    0.0244 |           0 
    empchangei~a |   0.3801    0.0694   -0.0517   -0.1333   -0.4688    0.4719 |           0 
     smigirs_cea |   0.3805   -0.0514    0.0482   -0.1265    0.4700    0.3126 |           0 
         jdr_cea |   0.3804    0.0542    0.0021   -0.4671    0.1168   -0.7277 |           0 
         jcr_cea |   0.3811   -0.0051    0.0895   -0.3797    0.2335    0.3138 |           0 
    ----------------------------------------------------------------------------------------

.         predict f1
(score assumed)
(5 components skipped)

Scoring coefficients 
    sum of squares(column-loading) = 1

    --------------------------------------------------------------------------
        Variable |    Comp1     Comp2     Comp3     Comp4     Comp5     Comp6 
    -------------+------------------------------------------------------------
          eu_cea |   0.3773    0.1082   -0.8073    0.4033    0.0623   -0.0919 
          ue_cea |   0.3793    0.0902    0.2558    0.0914   -0.6363   -0.1767 
          en_cea |   0.3668   -0.2531    0.4787    0.6421    0.2319   -0.1068 
          ne_cea |  -0.0081    0.9517    0.2015    0.1437    0.1691    0.0244 
    empchangei~a |   0.3801    0.0694   -0.0517   -0.1333   -0.4688    0.4719 
     smigirs_cea |   0.3805   -0.0514    0.0482   -0.1265    0.4700    0.3126 
         jdr_cea |   0.3804    0.0542    0.0021   -0.4671    0.1168   -0.7277 
         jcr_cea |   0.3811   -0.0051    0.0895   -0.3797    0.2335    0.3138 
    --------------------------------------------------------------------------

.         rename f1 f1_pcasecond_8var

. 
.         ** PCA on CF TRENDS 5 variables
.         ** Table A4 column 2
.         pca eu_trend_cf ue_trend_cf en_trend_cf ne_trend_cf empchangeipums_trend_cf  

Principal components/correlation                 Number of obs    =         40
                                                 Number of comp.  =          4
                                                 Trace            =          5
    Rotation: (unrotated = principal)            Rho              =     1.0000

    --------------------------------------------------------------------------
       Component |   Eigenvalue   Difference         Proportion   Cumulative
    -------------+------------------------------------------------------------
           Comp1 |      3.25784      1.89393             0.6516       0.6516
           Comp2 |      1.36392      .986531             0.2728       0.9244
           Comp3 |      .377384      .376526             0.0755       0.9998
           Comp4 |   .000857667   .000857667             0.0002       1.0000
           Comp5 |            0            .             0.0000       1.0000
    --------------------------------------------------------------------------

Principal components (eigenvectors) 

    --------------------------------------------------------------------
        Variable |    Comp1     Comp2     Comp3     Comp4 | Unexplained 
    -------------+----------------------------------------+-------------
     eu_trend_cf |   0.5062    0.0820   -0.6425    0.3043 |           0 
     ue_trend_cf |   0.5302   -0.0465    0.4629   -0.5663 |           0 
     en_trend_cf |   0.3202   -0.6743    0.3476    0.5567 |           0 
     ne_trend_cf |   0.2470    0.7317    0.4334    0.4550 |           0 
    empchan~d_cf |   0.5468    0.0335   -0.2533   -0.2641 |           0 
    --------------------------------------------------------------------

.         
.         ** PCA on CF TRENDS 8 variables
.         ** Table A4 column 3
.         pca eu_trend_cf ue_trend_cf en_trend_cf ne_trend_cf empchangeipums_trend_cf smigirs_trend_cf jdr_trend_cf jcr_trend_cf

Principal components/correlation                 Number of obs    =         37
                                                 Number of comp.  =          4
                                                 Trace            =          8
    Rotation: (unrotated = principal)            Rho              =     1.0000

    --------------------------------------------------------------------------
       Component |   Eigenvalue   Difference         Proportion   Cumulative
    -------------+------------------------------------------------------------
           Comp1 |      6.08792      4.45414             0.7610       0.7610
           Comp2 |      1.63378      1.35618             0.2042       0.9652
           Comp3 |      .277599      .276902             0.0347       0.9999
           Comp4 |   .000697085   .000696764             0.0001       1.0000
           Comp5 |  3.20377e-07  3.20377e-07             0.0000       1.0000
           Comp6 |            0            0             0.0000       1.0000
           Comp7 |            0            0             0.0000       1.0000
           Comp8 |            0            .             0.0000       1.0000
    --------------------------------------------------------------------------

Principal components (eigenvectors) 

    --------------------------------------------------------------------
        Variable |    Comp1     Comp2     Comp3     Comp4 | Unexplained 
    -------------+----------------------------------------+-------------
     eu_trend_cf |   0.3833    0.1044   -0.5625    0.1814 |           0 
     ue_trend_cf |   0.3854    0.1210    0.5074   -0.6449 |           0 
     en_trend_cf |   0.2701   -0.5542    0.4413    0.4247 |           0 
     ne_trend_cf |   0.1076    0.7364    0.3958    0.4509 |           0 
    empchan~d_cf |   0.3983    0.1126   -0.2196   -0.3113 |           0 
    smigirs_tr~f |   0.3937   -0.1828   -0.0781   -0.0143 |           0 
    jdr_trend_cf |   0.3890    0.2133   -0.1269    0.1585 |           0 
    jcr_trend_cf |   0.3938   -0.1830    0.0656    0.2128 |           0 
    --------------------------------------------------------------------

.         predict f1
(score assumed)
(3 components skipped)

Scoring coefficients 
    sum of squares(column-loading) = 1

    ------------------------------------------------------
        Variable |    Comp1     Comp2     Comp3     Comp4 
    -------------+----------------------------------------
     eu_trend_cf |   0.3833    0.1044   -0.5625    0.1814 
     ue_trend_cf |   0.3854    0.1210    0.5074   -0.6449 
     en_trend_cf |   0.2701   -0.5542    0.4413    0.4247 
     ne_trend_cf |   0.1076    0.7364    0.3958    0.4509 
    empchan~d_cf |   0.3983    0.1126   -0.2196   -0.3113 
    smigirs_tr~f |   0.3937   -0.1828   -0.0781   -0.0143 
    jdr_trend_cf |   0.3890    0.2133   -0.1269    0.1585 
    jcr_trend_cf |   0.3938   -0.1830    0.0656    0.2128 
    ------------------------------------------------------

.         rename f1 f1_cf_pcasecond_8var

. 
.         ** PCA on Cosine TRENDS 5 variables
.         ** Table A5 column 2    
.         pca eu_a_q2 ue_a_q2 en_a_q2 ne_a_q2 empchangeipums_a_q2 

Principal components/correlation                 Number of obs    =         40
                                                 Number of comp.  =          3
                                                 Trace            =          5
    Rotation: (unrotated = principal)            Rho              =     1.0000

    --------------------------------------------------------------------------
       Component |   Eigenvalue   Difference         Proportion   Cumulative
    -------------+------------------------------------------------------------
           Comp1 |      3.97887      2.96289             0.7958       0.7958
           Comp2 |      1.01598      1.01084             0.2032       0.9990
           Comp3 |    .00514622    .00514622             0.0010       1.0000
           Comp4 |            0            0             0.0000       1.0000
           Comp5 |            0            .             0.0000       1.0000
    --------------------------------------------------------------------------

Principal components (eigenvectors) 

    ----------------------------------------------------------
        Variable |    Comp1     Comp2     Comp3 | Unexplained 
    -------------+------------------------------+-------------
         eu_a_q2 |   0.4903   -0.2055    0.2979 |           0 
         ue_a_q2 |   0.4920    0.1892    0.2709 |           0 
         en_a_q2 |   0.1998    0.9099    0.0510 |           0 
         ne_a_q2 |   0.4777   -0.3005    0.2973 |           0 
    empchangei~2 |   0.4994   -0.0612   -0.8642 |           0 
    ----------------------------------------------------------

.         
.         ** PCA on Cosine TRENDS 8 variables
.         ** Table A5 column 3    
.         pca eu_a_q2 ue_a_q2 en_a_q2 ne_a_q2 empchangeipums_a_q2 smigirs_a_q2 jdr_a_q2 jcr_a_q2

Principal components/correlation                 Number of obs    =         37
                                                 Number of comp.  =          4
                                                 Trace            =          8
    Rotation: (unrotated = principal)            Rho              =     1.0000

    --------------------------------------------------------------------------
       Component |   Eigenvalue   Difference         Proportion   Cumulative
    -------------+------------------------------------------------------------
           Comp1 |      6.84836      5.70261             0.8560       0.8560
           Comp2 |      1.14575      1.14002             0.1432       0.9993
           Comp3 |     .0057291      .005569             0.0007       1.0000
           Comp4 |   .000160099   .000156385             0.0000       1.0000
           Comp5 |  3.71386e-06  3.71386e-06             0.0000       1.0000
           Comp6 |            0            0             0.0000       1.0000
           Comp7 |            0            0             0.0000       1.0000
           Comp8 |            0            .             0.0000       1.0000
    --------------------------------------------------------------------------

Principal components (eigenvectors) 

    --------------------------------------------------------------------
        Variable |    Comp1     Comp2     Comp3     Comp4 | Unexplained 
    -------------+----------------------------------------+-------------
         eu_a_q2 |   0.3632   -0.2898   -0.2256    0.1402 |           0 
         ue_a_q2 |   0.3819    0.0340   -0.1221    0.1773 |           0 
         en_a_q2 |   0.2004    0.7953    0.2002    0.1616 |           0 
         ne_a_q2 |   0.3517   -0.3651   -0.2471    0.1282 |           0 
    empchangei~2 |   0.3726   -0.2008    0.7068    0.4437 |           0 
    smigirs_a_q2 |   0.3601    0.3108   -0.4616    0.1934 |   1.391e-06 
        jdr_a_q2 |   0.3817   -0.0393    0.3252   -0.6918 |           0 
        jcr_a_q2 |   0.3798    0.1031   -0.1211   -0.4398 |           0 
    --------------------------------------------------------------------

.         predict f1
(score assumed)
(3 components skipped)

Scoring coefficients 
    sum of squares(column-loading) = 1

    ------------------------------------------------------
        Variable |    Comp1     Comp2     Comp3     Comp4 
    -------------+----------------------------------------
         eu_a_q2 |   0.3632   -0.2898   -0.2256    0.1402 
         ue_a_q2 |   0.3819    0.0340   -0.1221    0.1773 
         en_a_q2 |   0.2004    0.7953    0.2002    0.1616 
         ne_a_q2 |   0.3517   -0.3651   -0.2471    0.1282 
    empchangei~2 |   0.3726   -0.2008    0.7068    0.4437 
    smigirs_a_q2 |   0.3601    0.3108   -0.4616    0.1934 
        jdr_a_q2 |   0.3817   -0.0393    0.3252   -0.6918 
        jcr_a_q2 |   0.3798    0.1031   -0.1211   -0.4398 
    ------------------------------------------------------

.         rename f1 f1_cos_pcasecond_8var

.         
.         rename f1_pcasecond_6var          a_f1_pcasecond_6var

.         rename f1_pcasecond_8var          a_f1_pcasecond_8var

.         rename f1_cf_pcasecond_8var       a_f1_cf_pcasecond_8var

.         rename f1_cos_pcasecond_8var      a_f1_cos_pcasecond_8var

.         
.         *save first_components_annual_transitory.dta, replace   
.         save Output\first_components_annual_transitory.dta, replace     
file Output\first_components_annual_transitory.dta saved

.         
.         keep year a_f1_pcasecond_6var a_f1_pcasecond_8var a_f1_cf_pcasecond_8var a_f1_cos_pcasecond_8var

.         *save first_components_annual.dta, replace 
.         save Output\first_components_annual.dta, replace 
file Output\first_components_annual.dta saved

.                 
.         *************************
.         ***
.         *** Figure 2 of the paper
.         ***
.         *************************
.         
.         clear

.         
.         set more off

.         use Input\annual_series.dta

.         
.         graph set window fontface       "Times New Roman"

.         graph set window fontfacesans   "Times New Roman"

.         graph set window fontfaceserif  "Times New Roman"

.         graph set window fontfacemono   "Times New Roman"

.         graph set window fontfacesymbol "Times New Roman"       

. 
.         *JtJ
.         
.         twoway (line empchangeipums_cea year if year>=1975, lwidth(medthick) lcolor(black) lpattern(dash) plotregion(color(white)) ///
>                         plotregion(ilcolor(white)) graphregion(color(white)) bgcolor(white) legend(off) xtitle("") ytitle("") title("Job to job transition", size(medlarge
> ) color(black))) ///
>                    (line empchangeipums year if year>=1975, lwidth(medthick) lcolor(black))     

.                         
.         graph save   Output\Figures_GPH\Figure_2\Figure2_JtJ.gph, replace       
(file Output\Figures_GPH\Figure_2\Figure2_JtJ.gph saved)

.         graph export Output\Figures_PDF\Figure_2\Figure2_JtJ.pdf, replace       
(file Output\Figures_PDF\Figure_2\Figure2_JtJ.pdf written in PDF format)

. 
.         *IM
.         twoway (line smigirs_cea year if year>=1975, lwidth(medthick) lcolor(orange) lpattern(dash) plotregion(color(white)) ///
>                         plotregion(ilcolor(white)) graphregion(color(white)) bgcolor(white) legend(off) xtitle("") ytitle("") title("Interstate migration", size(medlarge)
>  color(black))) ///
>                    (line smigirs year if year>=1975, lwidth(medthick) lcolor(orange))   

.                         
.         graph save   Output\Figures_GPH\Figure_2\Figure2_IM.gph, replace        
(file Output\Figures_GPH\Figure_2\Figure2_IM.gph saved)

.         graph export Output\Figures_PDF\Figure_2\Figure2_IM.pdf, replace        
(file Output\Figures_PDF\Figure_2\Figure2_IM.pdf written in PDF format)

. 
.         *JDR
.         twoway (line jdr_cea year if year>=1975, lwidth(medthick) lcolor(ltblue) lpattern(dash) plotregion(color(white)) ///
>                         plotregion(ilcolor(white)) graphregion(color(white)) bgcolor(white) legend(off) xtitle("") ytitle("") title("Job destruction rate", size(medlarge)
>  color(black))) ///
>                    (line jdr year if year>=1975, lwidth(medthick) lcolor(ltblue))       

. 
.         graph save   Output\Figures_GPH\Figure_2\Figure2_JDR.gph, replace       
(file Output\Figures_GPH\Figure_2\Figure2_JDR.gph saved)

.         graph export Output\Figures_PDF\Figure_2\Figure2_JDR.pdf, replace       
(file Output\Figures_PDF\Figure_2\Figure2_JDR.pdf written in PDF format)

.         
.         *JCR
.         twoway (line jcr_cea year if year>=1975, lwidth(medthick) lcolor(lavender) lpattern(dash) plotregion(color(white)) ///
>                         plotregion(ilcolor(white)) graphregion(color(white)) bgcolor(white) legend(off) xtitle("") ytitle("") title("Job creation rate", size(medlarge) co
> lor(black))) ///
>                    (line jcr year if year>=1975, lwidth(medthick) lcolor(lavender))     

. 
.         graph save   Output\Figures_GPH\Figure_2\Figure2_JCR.gph, replace       
(file Output\Figures_GPH\Figure_2\Figure2_JCR.gph saved)

.         graph export Output\Figures_PDF\Figure_2\Figure2_JCR.pdf, replace       
(file Output\Figures_PDF\Figure_2\Figure2_JCR.pdf written in PDF format)

.         
.         
.         
.         **********************************
.         ***
.         *** COMBINE FREQUENCIES
.         ***
.         **********************************      
.         
.     clear all

.         set more off

.         
.         *use first_components_annual.dta
.         use Output\first_components_annual.dta

.         
.         *merge 1:1 year using first_components_quarterly.dta
.         merge 1:1 year using Output\first_components_quarterly.dta

    Result                           # of obs.
    -----------------------------------------
    not matched                            30
        from master                        29  (_merge==1)
        from using                          1  (_merge==2)

    matched                                48  (_merge==3)
    -----------------------------------------

.         drop _merge

.         tsset year      
        time variable:  year, 1938 to 2015
                delta:  1 unit

.         
.         drop if year<1967   
(29 observations deleted)

.         
.         * CEA chart
.         
.         egen mean_a_cea_6var = mean(a_f1_pcasecond_6var)

.         egen var_a_cea_6var  = sd(a_f1_pcasecond_6var)

.         
.         egen mean_a_cea_8var = mean(a_f1_pcasecond_8var)

.         egen var_a_cea_8var  = sd(a_f1_pcasecond_8var)

.         
.         egen mean_q_cea = mean(q_f1_pcasecond_cea_long)

.         egen var_q_cea  = sd(q_f1_pcasecond_cea_long)

.         
.         replace a_f1_pcasecond_6var      = (a_f1_pcasecond_6var - mean_a_cea_6var)/var_a_cea_6var
(40 real changes made)

.         replace a_f1_pcasecond_8var      = (a_f1_pcasecond_8var - mean_a_cea_8var)/var_a_cea_8var
(37 real changes made)

.         replace q_f1_pcasecond_cea_long  = (q_f1_pcasecond_cea_long - mean_q_cea)/var_q_cea
(49 real changes made)

.         
.         
.         twoway (line  a_f1_pcasecond_6var        year, lwidth(thick)    lcolor(red) plotregion(color(white)) legend(region(lcolor(white)) col(3) lab(1 "Annual (5 var)") l
> ab(2 "Annual (8 var)") lab(3 "Quarterly")))  ///
>                    (line  a_f1_pcasecond_8var        year, lwidth(thin)     lcolor(red)) ///
>                    (line  q_f1_pcasecond_cea_long    year, lwidth(medthick) lcolor(red) lpattern(longdash) plotregion(ilcolor(white)) graphregion(color(white)) bgcolor(wh
> ite) xtitle("") ytitle("") xlabel(1970(10)2015)) 

.                   
.         graph save   Output\Figures_GPH\Figure_3\Figure3.gph, replace   
(file Output\Figures_GPH\Figure_3\Figure3.gph saved)

.         graph export Output\Figures_PDF\Figure_3\Figure3.pdf, replace   
(file Output\Figures_PDF\Figure_3\Figure3.pdf written in PDF format)

.                    
.         
.         * COMBINED
.         
.         egen mean_a_f1_cf_pcasecond_8var = mean(a_f1_cf_pcasecond_8var)

.         egen var_a_f1_cf_pcasecond_8var  = sd(a_f1_cf_pcasecond_8var)

.         
.         egen mean_a_f1_cos_pcasecond_8var = mean(a_f1_cos_pcasecond_8var)

.         egen var_a_f1_cos_pcasecond_8var  = sd(a_f1_cos_pcasecond_8var)

.         
.         replace a_f1_cf_pcasecond_8var      = (a_f1_cf_pcasecond_8var - mean_a_f1_cf_pcasecond_8var)/var_a_f1_cf_pcasecond_8var
(37 real changes made)

.         replace a_f1_cos_pcasecond_8var     = (a_f1_cos_pcasecond_8var - mean_a_f1_cos_pcasecond_8var)/var_a_f1_cos_pcasecond_8var      
(37 real changes made)

.         
.         twoway (line  a_f1_pcasecond_8var       year if year>=1977, lwidth(thick)    lcolor(navy) plotregion(color(white)) legend(region(lcolor(white)) col(3) lab(1 "Base
> line (biweight)") lab(2 "CF filter") lab(3 "Cosine projections")))  ///
>                    (line  a_f1_cf_pcasecond_8var    year if year>=1977, lwidth(thin)     lcolor(navy)) ///
>                    (line  a_f1_cos_pcasecond_8var   year if year>=1977, lwidth(medthick) lcolor(navy) lpattern(longdash) plotregion(ilcolor(white)) graphregion(color(whit
> e)) bgcolor(white) xtitle("") ytitle("") xlabel(1970(10)2015)) 

.                    
.         graph save   Output\Figures_GPH\Figure_A2\FigureA2.gph, replace 
(file Output\Figures_GPH\Figure_A2\FigureA2.gph saved)

.         graph export Output\Figures_PDF\Figure_A2\FigureA2.pdf, replace 
(file Output\Figures_PDF\Figure_A2\FigureA2.pdf written in PDF format)

.         
.         
. 
end of do-file

. exit, clear
