 Date and Time: 17-Jan-2020 14:55:35
   Number of Cosine Transformations    9
   Series name: eu
      First obs = 1967.25
      Last obs = 2015.75
      Number of Obs  195
      Number of Years 48.8
       Cutoff periodicity (in years) = 10.8

      Sample Mean =   0.01
      Sample Std. Dev. =   0.00
      LR SD (Low-Freq I(0)) =   0.01

   Series name: ue
      First obs = 1967.25
      Last obs = 2015.75
      Number of Obs  195
      Number of Years 48.8
       Cutoff periodicity (in years) = 10.8

      Sample Mean =   0.26
      Sample Std. Dev. =   0.04
      LR SD (Low-Freq I(0)) =   0.16

   Series name: en
      First obs = 1967.25
      Last obs = 2015.75
      Number of Obs  195
      Number of Years 48.8
       Cutoff periodicity (in years) = 10.8

      Sample Mean =   0.03
      Sample Std. Dev. =   0.00
      LR SD (Low-Freq I(0)) =   0.02

   Series name: ne
      First obs = 1967.25
      Last obs = 2015.75
      Number of Obs  195
      Number of Years 48.8
       Cutoff periodicity (in years) = 10.8

      Sample Mean =   0.05
      Sample Std. Dev. =   0.00
      LR SD (Low-Freq I(0)) =   0.01

   Series name: factor
      First obs = 1967.25
      Last obs = 2015.75
      Number of Obs  195
      Number of Years 48.8
       Cutoff periodicity (in years) = 10.8

      Sample Mean =  -0.00
      Sample Std. Dev. =   0.92
      LR SD (Low-Freq I(0)) =   4.01

   Sample Correlations:
      I(0) weighted (eu & ue):  -0.52
      I(0) weighted (eu & en):  -0.24
      I(0) weighted (eu & ne):  -0.56
      I(0) weighted (eu & factor):   0.20
      I(0) weighted (ue & en):   0.56
      I(0) weighted (ue & ne):   0.77
      I(0) weighted (ue & factor):   0.21
      I(0) weighted (en & ne):   0.18
      I(0) weighted (en & factor):   0.88
      I(0) weighted (ne & factor):  -0.24

   Regression of ue onto eu:
      |BetaHat                :  -9.96 ( 5.79)
      |tstat for BetaHat      :  -1.72
      |90 Percent CI for Beta : -20.74 to   0.81
      |SER                    :   0.01 
      |R^2                    :   0.27 

   Regression of en onto eu:
      |BetaHat                :  -0.52 ( 0.73)
      |tstat for BetaHat      :  -0.71
      |90 Percent CI for Beta :  -1.87 to   0.84
      |SER                    :   0.00 
      |R^2                    :   0.06 

   Regression of ne onto eu:
      |BetaHat                :  -0.76 ( 0.40)
      |tstat for BetaHat      :  -1.91
      |90 Percent CI for Beta :  -1.51 to  -0.02
      |SER                    :   0.00 
      |R^2                    :   0.31 

   Regression of factor onto eu:
      |BetaHat                :  91.93 (161.98)
      |tstat for BetaHat      :   0.57
      |90 Percent CI for Beta : -209.27 to 393.14
      |SER                    :   0.30 
      |R^2                    :   0.04 

   Regression of en onto ue:
      |BetaHat                :   0.06 ( 0.03)
      |tstat for BetaHat      :   1.89
      |90 Percent CI for Beta :   0.00 to   0.12
      |SER                    :   0.00 
      |R^2                    :   0.31 

   Regression of ne onto ue:
      |BetaHat                :   0.05 ( 0.02)
      |tstat for BetaHat      :   3.42
      |90 Percent CI for Beta :   0.03 to   0.08
      |SER                    :   0.00 
      |R^2                    :   0.59 

   Regression of factor onto ue:
      |BetaHat                :   5.22 ( 8.41)
      |tstat for BetaHat      :   0.62
      |90 Percent CI for Beta : -10.42 to  20.87
      |SER                    :   0.30 
      |R^2                    :   0.05 

   Regression of ne onto en:
      |BetaHat                :   0.12 ( 0.22)
      |tstat for BetaHat      :   0.52
      |90 Percent CI for Beta :  -0.30 to   0.53
      |SER                    :   0.00 
      |R^2                    :   0.03 

   Regression of factor onto en:
      |BetaHat                : 193.43 (36.91)
      |tstat for BetaHat      :   5.24
      |90 Percent CI for Beta : 124.80 to 262.07
      |SER                    :   0.14 
      |R^2                    :   0.77 

   Regression of factor onto ne:
      |BetaHat                : -82.72 (117.19)
      |tstat for BetaHat      :  -0.71
      |90 Percent CI for Beta : -300.64 to 135.21
      |SER                    :   0.30 
      |R^2                    :   0.06 

       90 Percent CI for (eu,ue) correlation:  -0.81 to   0.03
       90 Percent CI for (eu,ue) R^2        :   0.00 to   0.65
       90 Percent CI for (eu,en) correlation:  -0.67 to   0.33
       90 Percent CI for (eu,en) R^2        :   0.00 to   0.45
       90 Percent CI for (eu,ne) correlation:  -0.82 to  -0.02
       90 Percent CI for (eu,ne) R^2        :   0.00 to   0.68
       90 Percent CI for (eu,factor) correlation:  -0.37 to   0.64
       90 Percent CI for (eu,factor) R^2        :   0.00 to   0.41
       90 Percent CI for (ue,en) correlation:   0.01 to   0.82
       90 Percent CI for (ue,en) R^2        :   0.00 to   0.68
       90 Percent CI for (ue,ne) correlation:   0.37 to   0.91
       90 Percent CI for (ue,ne) R^2        :   0.14 to   0.83
       90 Percent CI for (ue,factor) correlation:  -0.36 to   0.65
       90 Percent CI for (ue,factor) R^2        :   0.00 to   0.43
       90 Percent CI for (en,ne) correlation:  -0.38 to   0.63
       90 Percent CI for (en,ne) R^2        :   0.00 to   0.40
       90 Percent CI for (en,factor) correlation:   0.62 to   0.96
       90 Percent CI for (en,factor) R^2        :   0.38 to   0.91
       90 Percent CI for (ne,factor) correlation:  -0.67 to   0.33
       90 Percent CI for (ne,factor) R^2        :   0.00 to   0.45
