 Date and Time: 17-Jan-2020 14:55:34
   Number of Cosine Transformations    8
   Series name: eu
      First obs = 1967.25
      Last obs = 2015.75
      Number of Obs  195
      Number of Years 48.8
       Cutoff periodicity (in years) = 12.2

      Sample Mean =   0.01
      Sample Std. Dev. =   0.00
      LR SD (Low-Freq I(0)) =   0.01

   Series name: ue
      First obs = 1967.25
      Last obs = 2015.75
      Number of Obs  195
      Number of Years 48.8
       Cutoff periodicity (in years) = 12.2

      Sample Mean =   0.26
      Sample Std. Dev. =   0.04
      LR SD (Low-Freq I(0)) =   0.17

   Series name: en
      First obs = 1967.25
      Last obs = 2015.75
      Number of Obs  195
      Number of Years 48.8
       Cutoff periodicity (in years) = 12.2

      Sample Mean =   0.03
      Sample Std. Dev. =   0.00
      LR SD (Low-Freq I(0)) =   0.02

   Series name: ne
      First obs = 1967.25
      Last obs = 2015.75
      Number of Obs  195
      Number of Years 48.8
       Cutoff periodicity (in years) = 12.2

      Sample Mean =   0.05
      Sample Std. Dev. =   0.00
      LR SD (Low-Freq I(0)) =   0.01

   Series name: factor
      First obs = 1967.25
      Last obs = 2015.75
      Number of Obs  195
      Number of Years 48.8
       Cutoff periodicity (in years) = 12.2

      Sample Mean =  -0.00
      Sample Std. Dev. =   0.92
      LR SD (Low-Freq I(0)) =   4.25

   Sample Correlations:
      I(0) weighted (eu & ue):  -0.51
      I(0) weighted (eu & en):  -0.24
      I(0) weighted (eu & ne):  -0.55
      I(0) weighted (eu & factor):   0.19
      I(0) weighted (ue & en):   0.56
      I(0) weighted (ue & ne):   0.77
      I(0) weighted (ue & factor):   0.23
      I(0) weighted (en & ne):   0.18
      I(0) weighted (en & factor):   0.88
      I(0) weighted (ne & factor):  -0.24

   Regression of ue onto eu:
      |BetaHat                :  -9.63 ( 6.22)
      |tstat for BetaHat      :  -1.55
      |90 Percent CI for Beta : -21.41 to   2.15
      |SER                    :   0.01 
      |R^2                    :   0.26 

   Regression of en onto eu:
      |BetaHat                :  -0.52 ( 0.79)
      |tstat for BetaHat      :  -0.66
      |90 Percent CI for Beta :  -2.01 to   0.97
      |SER                    :   0.00 
      |R^2                    :   0.06 

   Regression of ne onto eu:
      |BetaHat                :  -0.76 ( 0.43)
      |tstat for BetaHat      :  -1.76
      |90 Percent CI for Beta :  -1.58 to   0.06
      |SER                    :   0.00 
      |R^2                    :   0.31 

   Regression of factor onto eu:
      |BetaHat                :  91.24 (175.27)
      |tstat for BetaHat      :   0.52
      |90 Percent CI for Beta : -240.83 to 423.30
      |SER                    :   0.32 
      |R^2                    :   0.04 

   Regression of en onto ue:
      |BetaHat                :   0.06 ( 0.04)
      |tstat for BetaHat      :   1.80
      |90 Percent CI for Beta :  -0.00 to   0.13
      |SER                    :   0.00 
      |R^2                    :   0.32 

   Regression of ne onto ue:
      |BetaHat                :   0.06 ( 0.02)
      |tstat for BetaHat      :   3.19
      |90 Percent CI for Beta :   0.02 to   0.09
      |SER                    :   0.00 
      |R^2                    :   0.59 

   Regression of factor onto ue:
      |BetaHat                :   5.61 ( 9.13)
      |tstat for BetaHat      :   0.61
      |90 Percent CI for Beta : -11.68 to  22.90
      |SER                    :   0.32 
      |R^2                    :   0.05 

   Regression of ne onto en:
      |BetaHat                :   0.12 ( 0.24)
      |tstat for BetaHat      :   0.49
      |90 Percent CI for Beta :  -0.34 to   0.57
      |SER                    :   0.00 
      |R^2                    :   0.03 

   Regression of factor onto en:
      |BetaHat                : 193.77 (39.14)
      |tstat for BetaHat      :   4.95
      |90 Percent CI for Beta : 119.63 to 267.92
      |SER                    :   0.15 
      |R^2                    :   0.78 

   Regression of factor onto ne:
      |BetaHat                : -82.16 (125.84)
      |tstat for BetaHat      :  -0.65
      |90 Percent CI for Beta : -320.58 to 156.25
      |SER                    :   0.32 
      |R^2                    :   0.06 

       90 Percent CI for (eu,ue) correlation:  -0.81 to   0.10
       90 Percent CI for (eu,ue) R^2        :   0.00 to   0.66
       90 Percent CI for (eu,en) correlation:  -0.69 to   0.36
       90 Percent CI for (eu,en) R^2        :   0.00 to   0.47
       90 Percent CI for (eu,ne) correlation:  -0.83 to   0.03
       90 Percent CI for (eu,ne) R^2        :   0.00 to   0.69
       90 Percent CI for (eu,factor) correlation:  -0.41 to   0.66
       90 Percent CI for (eu,factor) R^2        :   0.00 to   0.44
       90 Percent CI for (ue,en) correlation:  -0.03 to   0.84
       90 Percent CI for (ue,en) R^2        :   0.00 to   0.70
       90 Percent CI for (ue,ne) correlation:   0.32 to   0.92
       90 Percent CI for (ue,ne) R^2        :   0.10 to   0.84
       90 Percent CI for (ue,factor) correlation:  -0.38 to   0.68
       90 Percent CI for (ue,factor) R^2        :   0.00 to   0.46
       90 Percent CI for (en,ne) correlation:  -0.42 to   0.66
       90 Percent CI for (en,ne) R^2        :   0.00 to   0.43
       90 Percent CI for (en,factor) correlation:   0.59 to   0.96
       90 Percent CI for (en,factor) R^2        :   0.35 to   0.91
       90 Percent CI for (ne,factor) correlation:  -0.69 to   0.36
       90 Percent CI for (ne,factor) R^2        :   0.00 to   0.47
