 Date and Time: 17-Jan-2020 14:55:33
   Number of Cosine Transformations    7
   Series name: eu
      First obs = 1967.25
      Last obs = 2015.75
      Number of Obs  195
      Number of Years 48.8
       Cutoff periodicity (in years) = 13.9

      Sample Mean =   0.01
      Sample Std. Dev. =   0.00
      LR SD (Low-Freq I(0)) =   0.01

   Series name: ue
      First obs = 1967.25
      Last obs = 2015.75
      Number of Obs  195
      Number of Years 48.8
       Cutoff periodicity (in years) = 13.9

      Sample Mean =   0.26
      Sample Std. Dev. =   0.04
      LR SD (Low-Freq I(0)) =   0.18

   Series name: en
      First obs = 1967.25
      Last obs = 2015.75
      Number of Obs  195
      Number of Years 48.8
       Cutoff periodicity (in years) = 13.9

      Sample Mean =   0.03
      Sample Std. Dev. =   0.00
      LR SD (Low-Freq I(0)) =   0.02

   Series name: ne
      First obs = 1967.25
      Last obs = 2015.75
      Number of Obs  195
      Number of Years 48.8
       Cutoff periodicity (in years) = 13.9

      Sample Mean =   0.05
      Sample Std. Dev. =   0.00
      LR SD (Low-Freq I(0)) =   0.01

   Series name: factor
      First obs = 1967.25
      Last obs = 2015.75
      Number of Obs  195
      Number of Years 48.8
       Cutoff periodicity (in years) = 13.9

      Sample Mean =  -0.00
      Sample Std. Dev. =   0.92
      LR SD (Low-Freq I(0)) =   4.54

   Sample Correlations:
      I(0) weighted (eu & ue):  -0.49
      I(0) weighted (eu & en):  -0.23
      I(0) weighted (eu & ne):  -0.53
      I(0) weighted (eu & factor):   0.19
      I(0) weighted (ue & en):   0.56
      I(0) weighted (ue & ne):   0.77
      I(0) weighted (ue & factor):   0.23
      I(0) weighted (en & ne):   0.17
      I(0) weighted (en & factor):   0.89
      I(0) weighted (ne & factor):  -0.24

   Regression of ue onto eu:
      |BetaHat                :  -9.48 ( 6.85)
      |tstat for BetaHat      :  -1.38
      |90 Percent CI for Beta : -22.80 to   3.83
      |SER                    :   0.01 
      |R^2                    :   0.24 

   Regression of en onto eu:
      |BetaHat                :  -0.50 ( 0.87)
      |tstat for BetaHat      :  -0.58
      |90 Percent CI for Beta :  -2.19 to   1.19
      |SER                    :   0.00 
      |R^2                    :   0.05 

   Regression of ne onto eu:
      |BetaHat                :  -0.73 ( 0.47)
      |tstat for BetaHat      :  -1.54
      |90 Percent CI for Beta :  -1.65 to   0.19
      |SER                    :   0.00 
      |R^2                    :   0.28 

   Regression of factor onto eu:
      |BetaHat                :  91.79 (193.38)
      |tstat for BetaHat      :   0.47
      |90 Percent CI for Beta : -283.98 to 467.56
      |SER                    :   0.35 
      |R^2                    :   0.04 

   Regression of en onto ue:
      |BetaHat                :   0.06 ( 0.04)
      |tstat for BetaHat      :   1.65
      |90 Percent CI for Beta :  -0.01 to   0.14
      |SER                    :   0.00 
      |R^2                    :   0.31 

   Regression of ne onto ue:
      |BetaHat                :   0.05 ( 0.02)
      |tstat for BetaHat      :   2.91
      |90 Percent CI for Beta :   0.02 to   0.09
      |SER                    :   0.00 
      |R^2                    :   0.59 

   Regression of factor onto ue:
      |BetaHat                :   5.84 ( 9.93)
      |tstat for BetaHat      :   0.59
      |90 Percent CI for Beta : -13.46 to  25.14
      |SER                    :   0.34 
      |R^2                    :   0.05 

   Regression of ne onto en:
      |BetaHat                :   0.10 ( 0.25)
      |tstat for BetaHat      :   0.41
      |90 Percent CI for Beta :  -0.39 to   0.60
      |SER                    :   0.00 
      |R^2                    :   0.03 

   Regression of factor onto en:
      |BetaHat                : 195.81 (41.27)
      |tstat for BetaHat      :   4.74
      |90 Percent CI for Beta : 115.60 to 276.01
      |SER                    :   0.16 
      |R^2                    :   0.79 

   Regression of factor onto ne:
      |BetaHat                : -83.62 (139.26)
      |tstat for BetaHat      :  -0.60
      |90 Percent CI for Beta : -354.22 to 186.99
      |SER                    :   0.34 
      |R^2                    :   0.06 

       90 Percent CI for (eu,ue) correlation:  -0.82 to   0.18
       90 Percent CI for (eu,ue) R^2        :   0.00 to   0.68
       90 Percent CI for (eu,en) correlation:  -0.71 to   0.42
       90 Percent CI for (eu,en) R^2        :   0.00 to   0.51
       90 Percent CI for (eu,ne) correlation:  -0.84 to   0.12
       90 Percent CI for (eu,ne) R^2        :   0.00 to   0.71
       90 Percent CI for (eu,factor) correlation:  -0.46 to   0.69
       90 Percent CI for (eu,factor) R^2        :   0.00 to   0.47
       90 Percent CI for (ue,en) correlation:  -0.09 to   0.85
       90 Percent CI for (ue,en) R^2        :   0.00 to   0.72
       90 Percent CI for (ue,ne) correlation:   0.25 to   0.92
       90 Percent CI for (ue,ne) R^2        :   0.06 to   0.85
       90 Percent CI for (ue,factor) correlation:  -0.42 to   0.71
       90 Percent CI for (ue,factor) R^2        :   0.00 to   0.50
       90 Percent CI for (en,ne) correlation:  -0.48 to   0.68
       90 Percent CI for (en,ne) R^2        :   0.00 to   0.46
       90 Percent CI for (en,factor) correlation:   0.56 to   0.96
       90 Percent CI for (en,factor) R^2        :   0.32 to   0.93
       90 Percent CI for (ne,factor) correlation:  -0.72 to   0.42
       90 Percent CI for (ne,factor) R^2        :   0.00 to   0.51
