 Date and Time: 17-Jan-2020 14:55:31
   Number of Cosine Transformations    4
   Series name: eu
      First obs = 1967.25
      Last obs = 2015.75
      Number of Obs  195
      Number of Years 48.8
       Cutoff periodicity (in years) = 24.4

      Sample Mean =   0.01
      Sample Std. Dev. =   0.00
      LR SD (Low-Freq I(0)) =   0.01

   Series name: ue
      First obs = 1967.25
      Last obs = 2015.75
      Number of Obs  195
      Number of Years 48.8
       Cutoff periodicity (in years) = 24.4

      Sample Mean =   0.26
      Sample Std. Dev. =   0.04
      LR SD (Low-Freq I(0)) =   0.23

   Series name: en
      First obs = 1967.25
      Last obs = 2015.75
      Number of Obs  195
      Number of Years 48.8
       Cutoff periodicity (in years) = 24.4

      Sample Mean =   0.03
      Sample Std. Dev. =   0.00
      LR SD (Low-Freq I(0)) =   0.03

   Series name: ne
      First obs = 1967.25
      Last obs = 2015.75
      Number of Obs  195
      Number of Years 48.8
       Cutoff periodicity (in years) = 24.4

      Sample Mean =   0.05
      Sample Std. Dev. =   0.00
      LR SD (Low-Freq I(0)) =   0.02

   Series name: factor
      First obs = 1967.25
      Last obs = 2015.75
      Number of Obs  195
      Number of Years 48.8
       Cutoff periodicity (in years) = 24.4

      Sample Mean =  -0.00
      Sample Std. Dev. =   0.92
      LR SD (Low-Freq I(0)) =   5.99

   Sample Correlations:
      I(0) weighted (eu & ue):  -0.44
      I(0) weighted (eu & en):  -0.19
      I(0) weighted (eu & ne):  -0.49
      I(0) weighted (eu & factor):   0.19
      I(0) weighted (ue & en):   0.54
      I(0) weighted (ue & ne):   0.78
      I(0) weighted (ue & factor):   0.25
      I(0) weighted (en & ne):   0.13
      I(0) weighted (en & factor):   0.91
      I(0) weighted (ne & factor):  -0.23

   Regression of ue onto eu:
      |BetaHat                :  -8.65 (10.15)
      |tstat for BetaHat      :  -0.85
      |90 Percent CI for Beta : -32.54 to  15.24
      |SER                    :   0.02 
      |R^2                    :   0.19 

   Regression of en onto eu:
      |BetaHat                :  -0.45 ( 1.30)
      |tstat for BetaHat      :  -0.34
      |90 Percent CI for Beta :  -3.51 to   2.62
      |SER                    :   0.00 
      |R^2                    :   0.04 

   Regression of ne onto eu:
      |BetaHat                :  -0.65 ( 0.68)
      |tstat for BetaHat      :  -0.96
      |90 Percent CI for Beta :  -2.24 to   0.94
      |SER                    :   0.00 
      |R^2                    :   0.24 

   Regression of factor onto eu:
      |BetaHat                :  96.84 (289.80)
      |tstat for BetaHat      :   0.33
      |90 Percent CI for Beta : -585.15 to 778.84
      |SER                    :   0.49 
      |R^2                    :   0.04 

   Regression of en onto ue:
      |BetaHat                :   0.06 ( 0.06)
      |tstat for BetaHat      :   1.12
      |90 Percent CI for Beta :  -0.07 to   0.20
      |SER                    :   0.00 
      |R^2                    :   0.29 

   Regression of ne onto ue:
      |BetaHat                :   0.05 ( 0.02)
      |tstat for BetaHat      :   2.13
      |90 Percent CI for Beta :  -0.01 to   0.11
      |SER                    :   0.00 
      |R^2                    :   0.60 

   Regression of factor onto ue:
      |BetaHat                :   6.48 (14.59)
      |tstat for BetaHat      :   0.44
      |90 Percent CI for Beta : -27.85 to  40.82
      |SER                    :   0.48 
      |R^2                    :   0.06 

   Regression of ne onto en:
      |BetaHat                :   0.08 ( 0.33)
      |tstat for BetaHat      :   0.23
      |90 Percent CI for Beta :  -0.71 to   0.86
      |SER                    :   0.00 
      |R^2                    :   0.02 

   Regression of factor onto en:
      |BetaHat                : 201.23 (54.32)
      |tstat for BetaHat      :   3.70
      |90 Percent CI for Beta :  73.40 to 329.06
      |SER                    :   0.21 
      |R^2                    :   0.82 

   Regression of factor onto ne:
      |BetaHat                : -88.67 (214.11)
      |tstat for BetaHat      :  -0.41
      |90 Percent CI for Beta : -592.55 to 415.21
      |SER                    :   0.48 
      |R^2                    :   0.05 

       90 Percent CI for (eu,ue) correlation:  -0.87 to   0.49
       90 Percent CI for (eu,ue) R^2        :   0.00 to   0.76
       90 Percent CI for (eu,en) correlation:  -0.80 to   0.64
       90 Percent CI for (eu,en) R^2        :   0.00 to   0.63
       90 Percent CI for (eu,ne) correlation:  -0.88 to   0.45
       90 Percent CI for (eu,ne) R^2        :   0.00 to   0.78
       90 Percent CI for (eu,factor) correlation:  -0.64 to   0.80
       90 Percent CI for (eu,factor) R^2        :   0.00 to   0.63
       90 Percent CI for (ue,en) correlation:  -0.40 to   0.90
       90 Percent CI for (ue,en) R^2        :   0.00 to   0.80
       90 Percent CI for (ue,ne) correlation:  -0.06 to   0.95
       90 Percent CI for (ue,ne) R^2        :   0.00 to   0.91
       90 Percent CI for (ue,factor) correlation:  -0.61 to   0.82
       90 Percent CI for (ue,factor) R^2        :   0.00 to   0.67
       90 Percent CI for (en,ne) correlation:  -0.67 to   0.78
       90 Percent CI for (en,ne) R^2        :   0.00 to   0.60
       90 Percent CI for (en,factor) correlation:   0.32 to   0.98
       90 Percent CI for (en,factor) R^2        :   0.10 to   0.96
       90 Percent CI for (ne,factor) correlation:  -0.81 to   0.62
       90 Percent CI for (ne,factor) R^2        :   0.00 to   0.65
