 Date and Time: 17-Jan-2020 14:55:35
   Number of Cosine Transformations   10
   Series name: eu
      First obs = 1967.25
      Last obs = 2015.75
      Number of Obs  195
      Number of Years 48.8
       Cutoff periodicity (in years) =  9.8

      Sample Mean =   0.01
      Sample Std. Dev. =   0.00
      LR SD (Low-Freq I(0)) =   0.01

   Series name: ue
      First obs = 1967.25
      Last obs = 2015.75
      Number of Obs  195
      Number of Years 48.8
       Cutoff periodicity (in years) =  9.8

      Sample Mean =   0.26
      Sample Std. Dev. =   0.04
      LR SD (Low-Freq I(0)) =   0.16

   Series name: en
      First obs = 1967.25
      Last obs = 2015.75
      Number of Obs  195
      Number of Years 48.8
       Cutoff periodicity (in years) =  9.8

      Sample Mean =   0.03
      Sample Std. Dev. =   0.00
      LR SD (Low-Freq I(0)) =   0.02

   Series name: ne
      First obs = 1967.25
      Last obs = 2015.75
      Number of Obs  195
      Number of Years 48.8
       Cutoff periodicity (in years) =  9.8

      Sample Mean =   0.05
      Sample Std. Dev. =   0.00
      LR SD (Low-Freq I(0)) =   0.01

   Series name: factor
      First obs = 1967.25
      Last obs = 2015.75
      Number of Obs  195
      Number of Years 48.8
       Cutoff periodicity (in years) =  9.8

      Sample Mean =  -0.00
      Sample Std. Dev. =   0.92
      LR SD (Low-Freq I(0)) =   3.82

   Sample Correlations:
      I(0) weighted (eu & ue):  -0.58
      I(0) weighted (eu & en):  -0.26
      I(0) weighted (eu & ne):  -0.59
      I(0) weighted (eu & factor):   0.22
      I(0) weighted (ue & en):   0.55
      I(0) weighted (ue & ne):   0.79
      I(0) weighted (ue & factor):   0.17
      I(0) weighted (en & ne):   0.20
      I(0) weighted (en & factor):   0.86
      I(0) weighted (ne & factor):  -0.26

   Regression of ue onto eu:
      |BetaHat                : -10.69 ( 5.04)
      |tstat for BetaHat      :  -2.12
      |90 Percent CI for Beta : -19.93 to  -1.46
      |SER                    :   0.01 
      |R^2                    :   0.33 

   Regression of en onto eu:
      |BetaHat                :  -0.50 ( 0.63)
      |tstat for BetaHat      :  -0.80
      |90 Percent CI for Beta :  -1.66 to   0.65
      |SER                    :   0.00 
      |R^2                    :   0.07 

   Regression of ne onto eu:
      |BetaHat                :  -0.77 ( 0.35)
      |tstat for BetaHat      :  -2.22
      |90 Percent CI for Beta :  -1.40 to  -0.13
      |SER                    :   0.00 
      |R^2                    :   0.35 

   Regression of factor onto eu:
      |BetaHat                :  93.71 (140.02)
      |tstat for BetaHat      :   0.67
      |90 Percent CI for Beta : -162.97 to 350.39
      |SER                    :   0.28 
      |R^2                    :   0.05 

   Regression of en onto ue:
      |BetaHat                :   0.06 ( 0.03)
      |tstat for BetaHat      :   2.00
      |90 Percent CI for Beta :   0.00 to   0.11
      |SER                    :   0.00 
      |R^2                    :   0.31 

   Regression of ne onto ue:
      |BetaHat                :   0.05 ( 0.01)
      |tstat for BetaHat      :   3.81
      |90 Percent CI for Beta :   0.03 to   0.08
      |SER                    :   0.00 
      |R^2                    :   0.62 

   Regression of factor onto ue:
      |BetaHat                :   4.01 ( 7.63)
      |tstat for BetaHat      :   0.53
      |90 Percent CI for Beta :  -9.97 to  18.00
      |SER                    :   0.28 
      |R^2                    :   0.03 

   Regression of ne onto en:
      |BetaHat                :   0.13 ( 0.22)
      |tstat for BetaHat      :   0.61
      |90 Percent CI for Beta :  -0.26 to   0.53
      |SER                    :   0.00 
      |R^2                    :   0.04 

   Regression of factor onto en:
      |BetaHat                : 189.91 (36.95)
      |tstat for BetaHat      :   5.14
      |90 Percent CI for Beta : 122.17 to 257.65
      |SER                    :   0.15 
      |R^2                    :   0.75 

   Regression of factor onto ne:
      |BetaHat                : -85.57 (107.26)
      |tstat for BetaHat      :  -0.80
      |90 Percent CI for Beta : -282.19 to 111.04
      |SER                    :   0.28 
      |R^2                    :   0.07 

       90 Percent CI for (eu,ue) correlation:  -0.82 to  -0.08
       90 Percent CI for (eu,ue) R^2        :   0.01 to   0.68
       90 Percent CI for (eu,en) correlation:  -0.66 to   0.29
       90 Percent CI for (eu,en) R^2        :   0.00 to   0.44
       90 Percent CI for (eu,ne) correlation:  -0.83 to  -0.10
       90 Percent CI for (eu,ne) R^2        :   0.01 to   0.69
       90 Percent CI for (eu,factor) correlation:  -0.32 to   0.64
       90 Percent CI for (eu,factor) R^2        :   0.00 to   0.40
       90 Percent CI for (ue,en) correlation:   0.05 to   0.81
       90 Percent CI for (ue,en) R^2        :   0.00 to   0.66
       90 Percent CI for (ue,ne) correlation:   0.44 to   0.92
       90 Percent CI for (ue,ne) R^2        :   0.19 to   0.84
       90 Percent CI for (ue,factor) correlation:  -0.36 to   0.61
       90 Percent CI for (ue,factor) R^2        :   0.00 to   0.37
       90 Percent CI for (en,ne) correlation:  -0.34 to   0.62
       90 Percent CI for (en,ne) R^2        :   0.00 to   0.39
       90 Percent CI for (en,factor) correlation:   0.61 to   0.94
       90 Percent CI for (en,factor) R^2        :   0.37 to   0.89
       90 Percent CI for (ne,factor) correlation:  -0.66 to   0.29
       90 Percent CI for (ne,factor) R^2        :   0.00 to   0.44
