 Date and Time: 17-Jan-2020 14:55:33
   Number of Cosine Transformations    6
   Series name: eu
      First obs = 1967.25
      Last obs = 2015.75
      Number of Obs  195
      Number of Years 48.8
       Cutoff periodicity (in years) = 16.3

      Sample Mean =   0.01
      Sample Std. Dev. =   0.00
      LR SD (Low-Freq I(0)) =   0.01

   Series name: ue
      First obs = 1967.25
      Last obs = 2015.75
      Number of Obs  195
      Number of Years 48.8
       Cutoff periodicity (in years) = 16.3

      Sample Mean =   0.26
      Sample Std. Dev. =   0.04
      LR SD (Low-Freq I(0)) =   0.19

   Series name: en
      First obs = 1967.25
      Last obs = 2015.75
      Number of Obs  195
      Number of Years 48.8
       Cutoff periodicity (in years) = 16.3

      Sample Mean =   0.03
      Sample Std. Dev. =   0.00
      LR SD (Low-Freq I(0)) =   0.02

   Series name: ne
      First obs = 1967.25
      Last obs = 2015.75
      Number of Obs  195
      Number of Years 48.8
       Cutoff periodicity (in years) = 16.3

      Sample Mean =   0.05
      Sample Std. Dev. =   0.00
      LR SD (Low-Freq I(0)) =   0.01

   Series name: factor
      First obs = 1967.25
      Last obs = 2015.75
      Number of Obs  195
      Number of Years 48.8
       Cutoff periodicity (in years) = 16.3

      Sample Mean =  -0.00
      Sample Std. Dev. =   0.92
      LR SD (Low-Freq I(0)) =   4.89

   Sample Correlations:
      I(0) weighted (eu & ue):  -0.47
      I(0) weighted (eu & en):  -0.22
      I(0) weighted (eu & ne):  -0.49
      I(0) weighted (eu & factor):   0.18
      I(0) weighted (ue & en):   0.55
      I(0) weighted (ue & ne):   0.77
      I(0) weighted (ue & factor):   0.25
      I(0) weighted (en & ne):   0.15
      I(0) weighted (en & factor):   0.90
      I(0) weighted (ne & factor):  -0.22

   Regression of ue onto eu:
      |BetaHat                :  -9.37 ( 7.77)
      |tstat for BetaHat      :  -1.21
      |90 Percent CI for Beta : -25.02 to   6.28
      |SER                    :   0.01 
      |R^2                    :   0.23 

   Regression of en onto eu:
      |BetaHat                :  -0.49 ( 0.99)
      |tstat for BetaHat      :  -0.50
      |90 Percent CI for Beta :  -2.48 to   1.50
      |SER                    :   0.00 
      |R^2                    :   0.05 

   Regression of ne onto eu:
      |BetaHat                :  -0.66 ( 0.52)
      |tstat for BetaHat      :  -1.26
      |90 Percent CI for Beta :  -1.71 to   0.40
      |SER                    :   0.00 
      |R^2                    :   0.24 

   Regression of factor onto eu:
      |BetaHat                :  87.21 (219.08)
      |tstat for BetaHat      :   0.40
      |90 Percent CI for Beta : -354.24 to 528.66
      |SER                    :   0.38 
      |R^2                    :   0.03 

   Regression of en onto ue:
      |BetaHat                :   0.06 ( 0.04)
      |tstat for BetaHat      :   1.49
      |90 Percent CI for Beta :  -0.02 to   0.15
      |SER                    :   0.00 
      |R^2                    :   0.31 

   Regression of ne onto ue:
      |BetaHat                :   0.05 ( 0.02)
      |tstat for BetaHat      :   2.68
      |90 Percent CI for Beta :   0.01 to   0.09
      |SER                    :   0.00 
      |R^2                    :   0.59 

   Regression of factor onto ue:
      |BetaHat                :   6.29 (10.92)
      |tstat for BetaHat      :   0.58
      |90 Percent CI for Beta : -15.72 to  28.29
      |SER                    :   0.37 
      |R^2                    :   0.06 

   Regression of ne onto en:
      |BetaHat                :   0.09 ( 0.26)
      |tstat for BetaHat      :   0.34
      |90 Percent CI for Beta :  -0.44 to   0.62
      |SER                    :   0.00 
      |R^2                    :   0.02 

   Regression of factor onto en:
      |BetaHat                : 198.63 (42.65)
      |tstat for BetaHat      :   4.66
      |90 Percent CI for Beta : 112.69 to 284.57
      |SER                    :   0.17 
      |R^2                    :   0.81 

   Regression of factor onto ne:
      |BetaHat                : -83.20 (162.04)
      |tstat for BetaHat      :  -0.51
      |90 Percent CI for Beta : -409.71 to 243.32
      |SER                    :   0.37 
      |R^2                    :   0.05 

       90 Percent CI for (eu,ue) correlation:  -0.83 to   0.26
       90 Percent CI for (eu,ue) R^2        :   0.00 to   0.69
       90 Percent CI for (eu,en) correlation:  -0.73 to   0.49
       90 Percent CI for (eu,en) R^2        :   0.00 to   0.53
       90 Percent CI for (eu,ne) correlation:  -0.84 to   0.24
       90 Percent CI for (eu,ne) R^2        :   0.00 to   0.71
       90 Percent CI for (eu,factor) correlation:  -0.52 to   0.71
       90 Percent CI for (eu,factor) R^2        :   0.00 to   0.51
       90 Percent CI for (ue,en) correlation:  -0.17 to   0.86
       90 Percent CI for (ue,en) R^2        :   0.00 to   0.74
       90 Percent CI for (ue,ne) correlation:   0.18 to   0.93
       90 Percent CI for (ue,ne) R^2        :   0.03 to   0.87
       90 Percent CI for (ue,factor) correlation:  -0.46 to   0.74
       90 Percent CI for (ue,factor) R^2        :   0.00 to   0.55
       90 Percent CI for (en,ne) correlation:  -0.53 to   0.70
       90 Percent CI for (en,ne) R^2        :   0.00 to   0.49
       90 Percent CI for (en,factor) correlation:   0.55 to   0.97
       90 Percent CI for (en,factor) R^2        :   0.30 to   0.94
       90 Percent CI for (ne,factor) correlation:  -0.73 to   0.48
       90 Percent CI for (ne,factor) R^2        :   0.00 to   0.54
