              2,              3,              4,              5,              6,              7,              8,              9,             10,             11,             12
           0.82,          -0.47,          -0.45,          -0.47,          -0.48,          -0.49,          -0.49,          -0.53,          -0.57,          -0.60,          -0.60
( -0.66,  0.98),( -0.91,  0.62),( -0.87,  0.48),( -0.85,  0.34),( -0.84,  0.25),( -0.82,  0.18),( -0.81,  0.11),( -0.81,  0.02),( -0.82, -0.07),( -0.83, -0.15),( -0.82, -0.18)
              2,              3,              4,              5,              6,              7,              8,              9,             10,             11,             12
           0.05,          -0.14,          -0.13,          -0.15,          -0.16,          -0.17,          -0.17,          -0.18,          -0.20,          -0.19,          -0.19
( -0.90,  0.91),( -0.84,  0.76),( -0.78,  0.68),( -0.74,  0.58),( -0.70,  0.53),( -0.68,  0.47),( -0.65,  0.42),( -0.63,  0.38),( -0.62,  0.34),( -0.60,  0.32),( -0.59,  0.30)
              2,              3,              4,              5,              6,              7,              8,              9,             10,             11,             12
           0.99,          -0.75,          -0.55,          -0.58,          -0.56,          -0.58,          -0.59,          -0.60,          -0.62,          -0.64,          -0.64
(  0.07,  1.00),( -0.96,  0.36),( -0.90,  0.39),( -0.88,  0.23),( -0.86,  0.16),( -0.86,  0.06),( -0.85, -0.01),( -0.84, -0.08),( -0.84, -0.14),( -0.85, -0.21),( -0.84, -0.24)
              2,              3,              4,              5,              6,              7,              8,              9,             10,             11,             12
           0.88,           0.33,           0.30,           0.30,           0.28,           0.29,           0.30,           0.34,           0.33,           0.28,           0.28
( -0.59,  0.98),( -0.69,  0.88),( -0.58,  0.83),( -0.49,  0.79),( -0.44,  0.76),( -0.38,  0.74),( -0.32,  0.72),( -0.24,  0.72),( -0.22,  0.70),( -0.24,  0.66),( -0.22,  0.64)
              2,              3,              4,              5,              6,              7,              8,              9,             10,             11,             12
           0.48,           0.12,           0.11,           0.10,           0.10,           0.08,           0.07,           0.12,           0.11,           0.09,           0.09
( -0.82,  0.95),( -0.77,  0.84),( -0.68,  0.77),( -0.61,  0.71),( -0.56,  0.68),( -0.53,  0.63),( -0.50,  0.59),( -0.43,  0.60),( -0.41,  0.57),( -0.41,  0.54),( -0.39,  0.52)
              2,              3,              4,              5,              6,              7,              8,              9,             10,             11,             12
           0.76,           0.20,           0.28,           0.26,           0.27,           0.23,           0.28,           0.22,           0.29,           0.31,           0.30
( -0.71,  0.98),( -0.74,  0.86),( -0.59,  0.82),( -0.51,  0.78),( -0.45,  0.76),( -0.42,  0.71),( -0.34,  0.71),( -0.35,  0.66),( -0.25,  0.68),( -0.21,  0.68),( -0.19,  0.66)
              2,              3,              4,              5,              6,              7,              8,              9,             10,             11,             12
           0.65,           0.03,           0.06,           0.04,           0.01,           0.06,           0.02,           0.03,          -0.04,          -0.06,          -0.06
( -0.77,  0.96),( -0.80,  0.82),( -0.70,  0.75),( -0.64,  0.69),( -0.61,  0.63),( -0.55,  0.62),( -0.54,  0.56),( -0.50,  0.54),( -0.52,  0.46),( -0.52,  0.43),( -0.50,  0.40)
              2,              3,              4,              5,              6,              7,              8,              9,             10,             11,             12
           0.61,           0.49,           0.49,           0.51,           0.51,           0.51,           0.51,           0.51,           0.51,           0.48,           0.48
( -0.78,  0.96),( -0.60,  0.92),( -0.44,  0.88),( -0.30,  0.86),( -0.22,  0.85),( -0.15,  0.83),( -0.09,  0.82),( -0.06,  0.80),( -0.02,  0.79),( -0.02,  0.77),(  0.00,  0.76)
              2,              3,              4,              5,              6,              7,              8,              9,             10,             11,             12
           0.73,           0.89,           0.82,           0.82,           0.80,           0.80,           0.80,           0.81,           0.82,           0.83,           0.83
( -0.73,  0.97),( -0.04,  0.98),(  0.03,  0.96),(  0.22,  0.95),(  0.26,  0.94),(  0.33,  0.94),(  0.39,  0.93),(  0.45,  0.93),(  0.50,  0.93),(  0.55,  0.93),(  0.57,  0.93)
              2,              3,              4,              5,              6,              7,              8,              9,             10,             11,             12
           0.99,           0.66,           0.66,           0.64,           0.64,           0.63,           0.62,           0.50,           0.47,           0.49,           0.48
(  0.28,  1.00),( -0.47,  0.94),( -0.27,  0.92),( -0.15,  0.90),( -0.04,  0.89),(  0.01,  0.88),(  0.05,  0.86),( -0.06,  0.80),( -0.06,  0.77),( -0.01,  0.78),(  0.01,  0.76)
              2,              3,              4,              5,              6,              7,              8,              9,             10,             11,             12
           0.89,           0.61,           0.61,           0.60,           0.60,           0.60,           0.60,           0.50,           0.48,           0.48,           0.47
( -0.56,  0.99),( -0.52,  0.94),( -0.32,  0.92),( -0.19,  0.89),( -0.11,  0.88),( -0.03,  0.86),(  0.03,  0.85),( -0.06,  0.80),( -0.05,  0.78),( -0.02,  0.77),( -0.00,  0.76)
              2,              3,              4,              5,              6,              7,              8,              9,             10,             11,             12
           0.99,           0.72,           0.65,           0.65,           0.63,           0.64,           0.52,           0.54,           0.45,           0.38,           0.39
(  0.32,  1.00),( -0.40,  0.95),( -0.28,  0.92),( -0.13,  0.90),( -0.06,  0.89),(  0.02,  0.88),( -0.08,  0.82),( -0.01,  0.82),( -0.09,  0.76),( -0.13,  0.72),( -0.10,  0.71)
              2,              3,              4,              5,              6,              7,              8,              9,             10,             11,             12
           0.97,           0.79,           0.79,           0.78,           0.78,           0.74,           0.73,           0.69,           0.70,           0.68,           0.68
( -0.27,  1.00),( -0.30,  0.96),( -0.04,  0.95),(  0.11,  0.94),(  0.22,  0.94),(  0.19,  0.91),(  0.24,  0.90),(  0.21,  0.88),(  0.27,  0.88),(  0.26,  0.86),(  0.30,  0.86)
              2,              3,              4,              5,              6,              7,              8,              9,             10,             11,             12
          -0.10,           0.16,           0.15,           0.19,           0.18,           0.19,           0.19,           0.20,           0.21,           0.20,           0.20
( -0.91,  0.89),( -0.76,  0.85),( -0.66,  0.78),( -0.56,  0.75),( -0.51,  0.72),( -0.46,  0.69),( -0.41,  0.66),( -0.37,  0.64),( -0.32,  0.63),( -0.31,  0.61),( -0.29,  0.60)
              2,              3,              4,              5,              6,              7,              8,              9,             10,             11,             12
           0.52,           0.53,           0.52,           0.52,           0.52,           0.51,           0.50,           0.47,           0.47,           0.46,           0.46
( -0.81,  0.95),( -0.58,  0.92),( -0.41,  0.89),( -0.30,  0.86),( -0.21,  0.85),( -0.15,  0.83),( -0.10,  0.81),( -0.09,  0.78),( -0.06,  0.77),( -0.04,  0.76),( -0.02,  0.75)
              2,              3,              4,              5,              6,              7,              8,              9,             10,             11,             12
           0.90,           0.90,           0.90,           0.90,           0.90,           0.90,           0.90,           0.86,           0.86,           0.85,           0.85
( -0.54,  0.99),(  0.02,  0.98),(  0.30,  0.98),(  0.45,  0.97),(  0.53,  0.97),(  0.59,  0.96),(  0.63,  0.96),(  0.57,  0.95),(  0.60,  0.94),(  0.60,  0.94),(  0.60,  0.93)
              2,              3,              4,              5,              6,              7,              8,              9,             10,             11,             12
           0.68,           0.70,           0.61,           0.62,           0.61,           0.61,           0.50,           0.50,           0.46,           0.46,           0.46
( -0.75,  0.97),( -0.44,  0.95),( -0.32,  0.92),( -0.17,  0.90),( -0.09,  0.88),( -0.01,  0.87),( -0.11,  0.81),( -0.06,  0.80),( -0.07,  0.77),( -0.04,  0.76),( -0.01,  0.75)
              2,              3,              4,              5,              6,              7,              8,              9,             10,             11,             12
           0.79,           0.79,           0.79,           0.79,           0.78,           0.75,           0.74,           0.73,           0.73,           0.73,           0.73
( -0.69,  0.98),( -0.29,  0.96),( -0.03,  0.96),(  0.13,  0.94),(  0.21,  0.94),(  0.21,  0.92),(  0.26,  0.90),(  0.30,  0.90),(  0.34,  0.89),(  0.36,  0.89),(  0.38,  0.88)
              2,              3,              4,              5,              6,              7,              8,              9,             10,             11,             12
           0.80,           0.28,           0.21,           0.19,           0.18,           0.16,           0.14,           0.08,           0.07,           0.11,           0.11
( -0.68,  0.98),( -0.71,  0.88),( -0.63,  0.80),( -0.56,  0.75),( -0.51,  0.71),( -0.48,  0.67),( -0.45,  0.63),( -0.46,  0.57),( -0.44,  0.55),( -0.39,  0.55),( -0.37,  0.53)
              2,              3,              4,              5,              6,              7,              8,              9,             10,             11,             12
           0.34,           0.20,           0.17,           0.16,           0.16,           0.17,           0.18,           0.12,           0.12,           0.14,           0.13
( -0.85,  0.94),( -0.74,  0.86),( -0.66,  0.79),( -0.58,  0.74),( -0.52,  0.71),( -0.47,  0.68),( -0.42,  0.65),( -0.43,  0.60),( -0.40,  0.58),( -0.37,  0.57),( -0.35,  0.55)
              2,              3,              4,              5,              6,              7,              8,              9,             10,             11,             12
           0.66,           0.33,           0.47,           0.46,           0.47,           0.48,           0.35,           0.37,           0.31,           0.27,           0.27
( -0.76,  0.96),( -0.69,  0.88),( -0.46,  0.88),( -0.34,  0.85),( -0.26,  0.83),( -0.18,  0.82),( -0.27,  0.74),( -0.20,  0.74),( -0.23,  0.69),( -0.25,  0.66),( -0.22,  0.64)
              2,              3,              4,              5,              6,              7,              8,              9,             10,             11,             12
           0.53,           0.42,           0.42,           0.41,           0.38,           0.32,           0.34,           0.32,           0.34,           0.35,           0.35
( -0.81,  0.95),( -0.65,  0.90),( -0.50,  0.86),( -0.39,  0.83),( -0.35,  0.80),( -0.35,  0.75),( -0.28,  0.74),( -0.26,  0.71),( -0.20,  0.71),( -0.17,  0.70),( -0.14,  0.68)
              2,              3,              4,              5,              6,              7,              8,              9,             10,             11,             12
           0.84,           0.84,           0.84,           0.84,           0.83,           0.82,           0.81,           0.82,           0.82,           0.82,           0.82
( -0.64,  0.98),( -0.19,  0.97),(  0.09,  0.96),(  0.26,  0.96),(  0.34,  0.95),(  0.38,  0.94),(  0.42,  0.93),(  0.48,  0.93),(  0.52,  0.93),(  0.54,  0.93),(  0.56,  0.92)
              2,              3,              4,              5,              6,              7,              8,              9,             10,             11,             12
           0.98,           0.98,           0.80,           0.80,           0.78,           0.76,           0.70,           0.61,           0.60,           0.58,           0.57
( -0.14,  1.00),(  0.55,  1.00),( -0.00,  0.96),(  0.15,  0.95),(  0.22,  0.94),(  0.25,  0.92),(  0.18,  0.89),(  0.09,  0.85),(  0.12,  0.84),(  0.11,  0.82),(  0.12,  0.80)
              2,              3,              4,              5,              6,              7,              8,              9,             10,             11,             12
           0.93,           0.92,           0.90,           0.89,           0.89,           0.88,           0.84,           0.82,           0.80,           0.80,           0.79
( -0.45,  0.99),(  0.08,  0.98),(  0.29,  0.98),(  0.44,  0.97),(  0.52,  0.97),(  0.55,  0.96),(  0.47,  0.94),(  0.47,  0.93),(  0.46,  0.92),(  0.49,  0.92),(  0.48,  0.91)
              2,              3,              4,              5,              6,              7,              8,              9,             10,             11,             12
           0.93,           0.93,           0.80,           0.80,           0.79,           0.79,           0.66,           0.58,           0.57,           0.55,           0.54
( -0.46,  0.99),(  0.16,  0.99),( -0.02,  0.96),(  0.15,  0.95),(  0.24,  0.94),(  0.32,  0.93),(  0.11,  0.88),(  0.05,  0.84),(  0.07,  0.82),(  0.07,  0.80),(  0.08,  0.79)
              2,              3,              4,              5,              6,              7,              8,              9,             10,             11,             12
           0.98,           0.96,           0.95,           0.95,           0.92,           0.88,           0.87,           0.86,           0.84,           0.85,           0.83
( -0.16,  1.00),(  0.38,  0.99),(  0.56,  0.99),(  0.68,  0.98),(  0.64,  0.98),(  0.55,  0.96),(  0.56,  0.96),(  0.56,  0.95),(  0.56,  0.94),(  0.59,  0.94),(  0.57,  0.93)
              2,              3,              4,              5,              6,              7,              8,              9,             10,             11,             12
           0.99,           0.98,           0.90,           0.90,           0.86,           0.81,           0.56,           0.54,           0.48,           0.46,           0.47
(  0.04,  1.00),(  0.62,  1.00),(  0.32,  0.98),(  0.48,  0.98),(  0.42,  0.96),(  0.34,  0.94),( -0.03,  0.84),( -0.02,  0.81),( -0.06,  0.78),( -0.04,  0.76),( -0.00,  0.76)
