              2,              3,              4,              5,              6,              7,              8,              9,             10,             11,             12
           0.66,          -0.45,          -0.44,          -0.45,          -0.47,          -0.49,          -0.51,          -0.52,          -0.58,          -0.61,          -0.60
( -0.76,  0.96),( -0.90,  0.63),( -0.87,  0.49),( -0.84,  0.36),( -0.83,  0.26),( -0.82,  0.18),( -0.81,  0.10),( -0.81,  0.03),( -0.82, -0.08),( -0.83, -0.16),( -0.82, -0.17)
              2,              3,              4,              5,              6,              7,              8,              9,             10,             11,             12
          -0.10,          -0.20,          -0.19,          -0.20,          -0.22,          -0.23,          -0.24,          -0.24,          -0.26,          -0.25,          -0.25
( -0.91,  0.89),( -0.85,  0.74),( -0.80,  0.64),( -0.76,  0.55),( -0.73,  0.49),( -0.71,  0.42),( -0.69,  0.36),( -0.67,  0.33),( -0.66,  0.29),( -0.64,  0.26),( -0.62,  0.24)
              2,              3,              4,              5,              6,              7,              8,              9,             10,             11,             12
           1.00,          -0.69,          -0.49,          -0.49,          -0.49,          -0.53,          -0.55,          -0.56,          -0.59,          -0.63,          -0.62
(  0.92,  1.00),( -0.95,  0.44),( -0.88,  0.45),( -0.86,  0.32),( -0.84,  0.24),( -0.84,  0.12),( -0.83,  0.03),( -0.82, -0.02),( -0.83, -0.10),( -0.84, -0.19),( -0.83, -0.20)
              2,              3,              4,              5,              6,              7,              8,              9,             10,             11,             12
           0.02,           0.21,           0.19,           0.19,           0.18,           0.19,           0.19,           0.20,           0.22,           0.25,           0.25
( -0.90,  0.90),( -0.74,  0.86),( -0.64,  0.80),( -0.56,  0.75),( -0.52,  0.71),( -0.46,  0.69),( -0.41,  0.66),( -0.37,  0.64),( -0.32,  0.64),( -0.27,  0.64),( -0.24,  0.63)
              2,              3,              4,              5,              6,              7,              8,              9,             10,             11,             12
           0.68,           0.54,           0.54,           0.55,           0.55,           0.56,           0.56,           0.56,           0.55,           0.52,           0.52
( -0.75,  0.97),( -0.58,  0.92),( -0.40,  0.90),( -0.26,  0.88),( -0.17,  0.86),( -0.09,  0.85),( -0.03,  0.84),(  0.01,  0.82),(  0.05,  0.81),(  0.04,  0.79),(  0.06,  0.78)
              2,              3,              4,              5,              6,              7,              8,              9,             10,             11,             12
           0.64,           0.87,           0.78,           0.78,           0.77,           0.77,           0.77,           0.77,           0.79,           0.81,           0.81
( -0.77,  0.96),( -0.12,  0.98),( -0.06,  0.95),(  0.11,  0.94),(  0.18,  0.93),(  0.25,  0.92),(  0.32,  0.92),(  0.37,  0.91),(  0.44,  0.92),(  0.52,  0.92),(  0.53,  0.92)
              2,              3,              4,              5,              6,              7,              8,              9,             10,             11,             12
           0.76,           0.25,           0.25,           0.25,           0.25,           0.23,           0.23,           0.21,           0.17,           0.10,           0.11
( -0.71,  0.98),( -0.72,  0.87),( -0.61,  0.82),( -0.52,  0.77),( -0.46,  0.74),( -0.42,  0.71),( -0.38,  0.68),( -0.36,  0.65),( -0.36,  0.61),( -0.40,  0.54),( -0.37,  0.53)
              2,              3,              4,              5,              6,              7,              8,              9,             10,             11,             12
          -0.12,           0.15,           0.13,           0.15,           0.15,           0.17,           0.18,           0.18,           0.20,           0.19,           0.19
( -0.92,  0.88),( -0.76,  0.84),( -0.67,  0.78),( -0.59,  0.73),( -0.53,  0.70),( -0.48,  0.68),( -0.42,  0.66),( -0.38,  0.63),( -0.34,  0.62),( -0.32,  0.60),( -0.30,  0.59)
              2,              3,              4,              5,              6,              7,              8,              9,             10,             11,             12
           0.99,           0.91,           0.91,           0.90,           0.90,           0.89,           0.88,           0.88,           0.86,           0.85,           0.85
(  0.24,  1.00),(  0.03,  0.98),(  0.32,  0.98),(  0.47,  0.98),(  0.55,  0.97),(  0.56,  0.96),(  0.59,  0.96),(  0.62,  0.96),(  0.61,  0.94),(  0.60,  0.94),(  0.62,  0.94)
              2,              3,              4,              5,              6,              7,              8,              9,             10,             11,             12
          -0.01,          -0.24,          -0.23,          -0.23,          -0.22,          -0.24,          -0.24,          -0.24,          -0.26,          -0.29,          -0.29
( -0.90,  0.90),( -0.86,  0.73),( -0.81,  0.62),( -0.76,  0.54),( -0.73,  0.48),( -0.72,  0.42),( -0.69,  0.36),( -0.67,  0.33),( -0.66,  0.29),( -0.66,  0.22),( -0.65,  0.20)
